0 info it worked if it ends with ok
1 verbose cli [ '/usr/bin/node', '/bin/npm', 'start', 'serve' ]
2 info using npm@6.10.0
3 info using node@v12.7.0
4 verbose stack Error: missing script: start
4 verbose stack     at run (/usr/lib/node_modules/npm/lib/run-script.js:155:19)
4 verbose stack     at /usr/lib/node_modules/npm/lib/run-script.js:63:5
4 verbose stack     at /usr/lib/node_modules/npm/node_modules/read-package-json/read-json.js:115:5
4 verbose stack     at /usr/lib/node_modules/npm/node_modules/read-package-json/read-json.js:418:5
4 verbose stack     at checkBinReferences_ (/usr/lib/node_modules/npm/node_modules/read-package-json/read-json.js:373:45)
4 verbose stack     at final (/usr/lib/node_modules/npm/node_modules/read-package-json/read-json.js:416:3)
4 verbose stack     at then (/usr/lib/node_modules/npm/node_modules/read-package-json/read-json.js:160:5)
4 verbose stack     at /usr/lib/node_modules/npm/node_modules/read-package-json/read-json.js:280:12
4 verbose stack     at /usr/lib/node_modules/npm/node_modules/graceful-fs/graceful-fs.js:90:16
4 verbose stack     at FSReqCallback.readFileAfterClose [as oncomplete] (internal/fs/read_file_context.js:61:3)
5 verbose cwd /home/dev/test
6 verbose Linux 4.9.125-linuxkit
7 verbose argv "/usr/bin/node" "/bin/npm" "start" "serve"
8 verbose node v12.7.0
9 verbose npm  v6.10.0
10 error missing script: start
11 verbose exit [ 1, true ]
